<?xml version="1.0" encoding="UTF-8"?>
<testsuite name="za.co.expertism.SocketDemoApplicationTests" tests="1" skipped="0" failures="0" errors="0" timestamp="2016-03-23T22:53:32" hostname="Ngunis-15-inch-MacBook-Pro.local" time="0.001">
  <properties/>
  <testcase name="contextLoads" classname="za.co.expertism.SocketDemoApplicationTests" time="0.001"/>
  <system-out><![CDATA[2016-03-24 00:53:32.549 DEBUG 8060 --- [    Test worker] o.s.t.c.junit4.SpringJUnit4ClassRunner   : SpringJUnit4ClassRunner constructor called with [class za.co.expertism.SocketDemoApplicationTests]
2016-03-24 00:53:32.550 DEBUG 8060 --- [    Test worker] o.s.test.context.BootstrapUtils          : Instantiating CacheAwareContextLoaderDelegate from class [org.springframework.test.context.cache.DefaultCacheAwareContextLoaderDelegate]
2016-03-24 00:53:32.550 DEBUG 8060 --- [    Test worker] o.s.test.context.BootstrapUtils          : Instantiating BootstrapContext using constructor [public org.springframework.test.context.support.DefaultBootstrapContext(java.lang.Class,org.springframework.test.context.CacheAwareContextLoaderDelegate)]
2016-03-24 00:53:32.550 DEBUG 8060 --- [    Test worker] o.s.test.context.BootstrapUtils          : Instantiating TestContextBootstrapper for test class [za.co.expertism.SocketDemoApplicationTests] from class [org.springframework.boot.test.WebAppIntegrationTestContextBootstrapper]
2016-03-24 00:53:32.553 TRACE 8060 --- [    Test worker] o.s.t.c.support.ContextLoaderUtils       : Retrieved @ContextConfiguration [@org.springframework.test.context.ContextConfiguration(name=, value=[], classes=[class za.co.expertism.SocketDemoApplication], loader=class org.springframework.boot.test.SpringApplicationContextLoader, locations=[], initializers=[], inheritLocations=true, inheritInitializers=true)] for declaring class [za.co.expertism.SocketDemoApplicationTests].
2016-03-24 00:53:32.553 TRACE 8060 --- [    Test worker] o.s.t.c.support.ContextLoaderUtils       : Resolved context configuration attributes: [ContextConfigurationAttributes@4d075bca declaringClass = 'za.co.expertism.SocketDemoApplicationTests', classes = '{class za.co.expertism.SocketDemoApplication}', locations = '{}', inheritLocations = true, initializers = '{}', inheritInitializers = true, name = [null], contextLoaderClass = 'org.springframework.boot.test.SpringApplicationContextLoader']
2016-03-24 00:53:32.553 TRACE 8060 --- [    Test worker] WebAppIntegrationTestContextBootstrapper : Resolving ContextLoader for context configuration attributes [ContextConfigurationAttributes@4d075bca declaringClass = 'za.co.expertism.SocketDemoApplicationTests', classes = '{class za.co.expertism.SocketDemoApplication}', locations = '{}', inheritLocations = true, initializers = '{}', inheritInitializers = true, name = [null], contextLoaderClass = 'org.springframework.boot.test.SpringApplicationContextLoader']
2016-03-24 00:53:32.553 DEBUG 8060 --- [    Test worker] WebAppIntegrationTestContextBootstrapper : Found explicit ContextLoader class [org.springframework.boot.test.SpringApplicationContextLoader] for context configuration attributes [ContextConfigurationAttributes@4d075bca declaringClass = 'za.co.expertism.SocketDemoApplicationTests', classes = '{class za.co.expertism.SocketDemoApplication}', locations = '{}', inheritLocations = true, initializers = '{}', inheritInitializers = true, name = [null], contextLoaderClass = 'org.springframework.boot.test.SpringApplicationContextLoader']
2016-03-24 00:53:32.553 TRACE 8060 --- [    Test worker] WebAppIntegrationTestContextBootstrapper : Using ContextLoader class [org.springframework.boot.test.SpringApplicationContextLoader] for test class [za.co.expertism.SocketDemoApplicationTests]
2016-03-24 00:53:32.553 TRACE 8060 --- [    Test worker] WebAppIntegrationTestContextBootstrapper : Processing locations and classes for context configuration attributes [ContextConfigurationAttributes@4d075bca declaringClass = 'za.co.expertism.SocketDemoApplicationTests', classes = '{class za.co.expertism.SocketDemoApplication}', locations = '{}', inheritLocations = true, initializers = '{}', inheritInitializers = true, name = [null], contextLoaderClass = 'org.springframework.boot.test.SpringApplicationContextLoader']
2016-03-24 00:53:32.553 DEBUG 8060 --- [    Test worker] o.s.t.c.support.AbstractContextLoader    : Did not detect default resource location for test class [za.co.expertism.SocketDemoApplicationTests]: class path resource [za/co/expertism/SocketDemoApplicationTests-context.xml] does not exist
2016-03-24 00:53:32.554 DEBUG 8060 --- [    Test worker] o.s.t.c.support.AbstractContextLoader    : Did not detect default resource location for test class [za.co.expertism.SocketDemoApplicationTests]: class path resource [za/co/expertism/SocketDemoApplicationTestsContext.groovy] does not exist
2016-03-24 00:53:32.554  INFO 8060 --- [    Test worker] o.s.t.c.support.AbstractContextLoader    : Could not detect default resource locations for test class [za.co.expertism.SocketDemoApplicationTests]: no resource found for suffixes {-context.xml, Context.groovy}.
2016-03-24 00:53:32.554 TRACE 8060 --- [    Test worker] t.c.s.ApplicationContextInitializerUtils : Processing context initializers for context configuration attributes [ContextConfigurationAttributes@4d075bca declaringClass = 'za.co.expertism.SocketDemoApplicationTests', classes = '{class za.co.expertism.SocketDemoApplication}', locations = '{}', inheritLocations = true, initializers = '{}', inheritInitializers = true, name = [null], contextLoaderClass = 'org.springframework.boot.test.SpringApplicationContextLoader']
2016-03-24 00:53:32.554 DEBUG 8060 --- [    Test worker] o.s.t.c.support.ActiveProfilesUtils      : Could not find an 'annotation declaring class' for annotation type [org.springframework.test.context.ActiveProfiles] and class [za.co.expertism.SocketDemoApplicationTests]
2016-03-24 00:53:32.554 DEBUG 8060 --- [    Test worker] o.s.test.util.ReflectionTestUtils        : Setting field 'propertySourceProperties' of type [null] on target object [[WebMergedContextConfiguration@6b1ac8ab testClass = SocketDemoApplicationTests, locations = '{}', classes = '{class za.co.expertism.SocketDemoApplication}', contextInitializerClasses = '[]', activeProfiles = '{}', propertySourceLocations = '{}', propertySourceProperties = '{}', resourceBasePath = '', contextLoader = 'org.springframework.boot.test.SpringApplicationContextLoader', parent = [null]]] or target class [class org.springframework.test.context.web.WebMergedContextConfiguration] to value [[Ljava.lang.String;@6f88bcb2]
2016-03-24 00:53:32.554 DEBUG 8060 --- [    Test worker] WebAppIntegrationTestContextBootstrapper : @TestExecutionListeners is not present for class [za.co.expertism.SocketDemoApplicationTests]: using defaults.
2016-03-24 00:53:32.556  INFO 8060 --- [    Test worker] WebAppIntegrationTestContextBootstrapper : Loaded default TestExecutionListener class names from location [META-INF/spring.factories]: [org.springframework.test.context.web.ServletTestExecutionListener, org.springframework.test.context.support.DirtiesContextBeforeModesTestExecutionListener, org.springframework.test.context.support.DependencyInjectionTestExecutionListener, org.springframework.test.context.support.DirtiesContextTestExecutionListener, org.springframework.test.context.transaction.TransactionalTestExecutionListener, org.springframework.test.context.jdbc.SqlScriptsTestExecutionListener]
2016-03-24 00:53:32.556  INFO 8060 --- [    Test worker] WebAppIntegrationTestContextBootstrapper : Could not instantiate TestExecutionListener [org.springframework.test.context.jdbc.SqlScriptsTestExecutionListener]. Specify custom listener classes or make the default listener classes (and their required dependencies) available. Offending class: [org/springframework/transaction/interceptor/TransactionAttribute]
2016-03-24 00:53:32.557  INFO 8060 --- [    Test worker] WebAppIntegrationTestContextBootstrapper : Could not instantiate TestExecutionListener [org.springframework.test.context.transaction.TransactionalTestExecutionListener]. Specify custom listener classes or make the default listener classes (and their required dependencies) available. Offending class: [org/springframework/transaction/interceptor/TransactionAttributeSource]
2016-03-24 00:53:32.557  INFO 8060 --- [    Test worker] WebAppIntegrationTestContextBootstrapper : Using TestExecutionListeners: [org.springframework.test.context.web.ServletTestExecutionListener@176a316, org.springframework.test.context.support.DirtiesContextBeforeModesTestExecutionListener@449c3dd5, org.springframework.test.context.support.DependencyInjectionTestExecutionListener@3295e032, org.springframework.test.context.support.DirtiesContextTestExecutionListener@28e5fdaf]
2016-03-24 00:53:32.557 TRACE 8060 --- [    Test worker] o.s.test.context.TestContextManager      : Registering TestExecutionListener: org.springframework.test.context.web.ServletTestExecutionListener@176a316
2016-03-24 00:53:32.557 TRACE 8060 --- [    Test worker] o.s.test.context.TestContextManager      : Registering TestExecutionListener: org.springframework.test.context.support.DirtiesContextBeforeModesTestExecutionListener@449c3dd5
2016-03-24 00:53:32.557 TRACE 8060 --- [    Test worker] o.s.test.context.TestContextManager      : Registering TestExecutionListener: org.springframework.test.context.support.DependencyInjectionTestExecutionListener@3295e032
2016-03-24 00:53:32.557 TRACE 8060 --- [    Test worker] o.s.test.context.TestContextManager      : Registering TestExecutionListener: org.springframework.test.context.support.DirtiesContextTestExecutionListener@28e5fdaf
2016-03-24 00:53:32.557 DEBUG 8060 --- [    Test worker] o.s.test.annotation.ProfileValueUtils    : Retrieved @ProfileValueSourceConfiguration [null] for test class [za.co.expertism.SocketDemoApplicationTests]
2016-03-24 00:53:32.557 DEBUG 8060 --- [    Test worker] o.s.test.annotation.ProfileValueUtils    : Retrieved ProfileValueSource type [class org.springframework.test.annotation.SystemProfileValueSource] for class [za.co.expertism.SocketDemoApplicationTests]
2016-03-24 00:53:32.557 DEBUG 8060 --- [    Test worker] o.s.test.annotation.ProfileValueUtils    : Retrieved @ProfileValueSourceConfiguration [null] for test class [za.co.expertism.SocketDemoApplicationTests]
2016-03-24 00:53:32.557 DEBUG 8060 --- [    Test worker] o.s.test.annotation.ProfileValueUtils    : Retrieved ProfileValueSource type [class org.springframework.test.annotation.SystemProfileValueSource] for class [za.co.expertism.SocketDemoApplicationTests]
2016-03-24 00:53:32.557 TRACE 8060 --- [    Test worker] o.s.test.context.TestContextManager      : beforeTestClass(): class [za.co.expertism.SocketDemoApplicationTests]
2016-03-24 00:53:32.558 DEBUG 8060 --- [    Test worker] tractDirtiesContextTestExecutionListener : Before test class: context [DefaultTestContext@1c3f85b6 testClass = SocketDemoApplicationTests, testInstance = [null], testMethod = [null], testException = [null], mergedContextConfiguration = [WebMergedContextConfiguration@6b1ac8ab testClass = SocketDemoApplicationTests, locations = '{}', classes = '{class za.co.expertism.SocketDemoApplication}', contextInitializerClasses = '[]', activeProfiles = '{}', propertySourceLocations = '{}', propertySourceProperties = '{server.port=0, management.port=0, org.springframework.boot.test.IntegrationTest=true}', resourceBasePath = '', contextLoader = 'org.springframework.boot.test.SpringApplicationContextLoader', parent = [null]]], class annotated with @DirtiesContext [false] with mode [null].
2016-03-24 00:53:32.558 DEBUG 8060 --- [    Test worker] o.s.test.annotation.ProfileValueUtils    : Retrieved @ProfileValueSourceConfiguration [null] for test class [za.co.expertism.SocketDemoApplicationTests]
2016-03-24 00:53:32.558 DEBUG 8060 --- [    Test worker] o.s.test.annotation.ProfileValueUtils    : Retrieved ProfileValueSource type [class org.springframework.test.annotation.SystemProfileValueSource] for class [za.co.expertism.SocketDemoApplicationTests]
2016-03-24 00:53:32.558 TRACE 8060 --- [    Test worker] o.s.test.context.TestContextManager      : prepareTestInstance(): instance [za.co.expertism.SocketDemoApplicationTests@39687171]
2016-03-24 00:53:32.558 DEBUG 8060 --- [    Test worker] DependencyInjectionTestExecutionListener : Performing dependency injection for test context [[DefaultTestContext@1c3f85b6 testClass = SocketDemoApplicationTests, testInstance = za.co.expertism.SocketDemoApplicationTests@39687171, testMethod = [null], testException = [null], mergedContextConfiguration = [WebMergedContextConfiguration@6b1ac8ab testClass = SocketDemoApplicationTests, locations = '{}', classes = '{class za.co.expertism.SocketDemoApplication}', contextInitializerClasses = '[]', activeProfiles = '{}', propertySourceLocations = '{}', propertySourceProperties = '{server.port=0, management.port=0, org.springframework.boot.test.IntegrationTest=true}', resourceBasePath = '', contextLoader = 'org.springframework.boot.test.SpringApplicationContextLoader', parent = [null]]]].
2016-03-24 00:53:32.558 DEBUG 8060 --- [    Test worker] c.DefaultCacheAwareContextLoaderDelegate : Retrieved ApplicationContext from cache with key [[WebMergedContextConfiguration@6b1ac8ab testClass = SocketDemoApplicationTests, locations = '{}', classes = '{class za.co.expertism.SocketDemoApplication}', contextInitializerClasses = '[]', activeProfiles = '{}', propertySourceLocations = '{}', propertySourceProperties = '{server.port=0, management.port=0, org.springframework.boot.test.IntegrationTest=true}', resourceBasePath = '', contextLoader = 'org.springframework.boot.test.SpringApplicationContextLoader', parent = [null]]]
2016-03-24 00:53:32.559 DEBUG 8060 --- [    Test worker] org.springframework.test.context.cache   : Spring test ApplicationContext cache statistics: [DefaultContextCache@45cccc0f size = 2, parentContextCount = 0, hitCount = 3, missCount = 2]
2016-03-24 00:53:32.559 TRACE 8060 --- [    Test worker] o.s.beans.CachedIntrospectionResults     : Getting BeanInfo for class [za.co.expertism.SocketDemoApplicationTests]
2016-03-24 00:53:32.560 TRACE 8060 --- [    Test worker] o.s.beans.CachedIntrospectionResults     : Caching PropertyDescriptors for class [za.co.expertism.SocketDemoApplicationTests]
2016-03-24 00:53:32.560 TRACE 8060 --- [    Test worker] o.s.beans.CachedIntrospectionResults     : Found bean property 'class' of type [java.lang.Class]
2016-03-24 00:53:32.560 TRACE 8060 --- [    Test worker] s.a.ScheduledAnnotationBeanPostProcessor : No @Scheduled annotations found on bean class: class za.co.expertism.SocketDemoApplicationTests
2016-03-24 00:53:32.561 TRACE 8060 --- [    Test worker] o.s.test.context.TestContextManager      : beforeTestMethod(): instance [za.co.expertism.SocketDemoApplicationTests@39687171], method [public void za.co.expertism.SocketDemoApplicationTests.contextLoads()]
2016-03-24 00:53:32.561 DEBUG 8060 --- [    Test worker] tractDirtiesContextTestExecutionListener : Before test method: context [DefaultTestContext@1c3f85b6 testClass = SocketDemoApplicationTests, testInstance = za.co.expertism.SocketDemoApplicationTests@39687171, testMethod = contextLoads@SocketDemoApplicationTests, testException = [null], mergedContextConfiguration = [WebMergedContextConfiguration@6b1ac8ab testClass = SocketDemoApplicationTests, locations = '{}', classes = '{class za.co.expertism.SocketDemoApplication}', contextInitializerClasses = '[]', activeProfiles = '{}', propertySourceLocations = '{}', propertySourceProperties = '{server.port=0, management.port=0, org.springframework.boot.test.IntegrationTest=true}', resourceBasePath = '', contextLoader = 'org.springframework.boot.test.SpringApplicationContextLoader', parent = [null]]], class annotated with @DirtiesContext [false] with mode [null], method annotated with @DirtiesContext [false] with mode [null].
2016-03-24 00:53:32.561 TRACE 8060 --- [    Test worker] o.s.test.context.TestContextManager      : afterTestMethod(): instance [za.co.expertism.SocketDemoApplicationTests@39687171], method [public void za.co.expertism.SocketDemoApplicationTests.contextLoads()], exception [null]
2016-03-24 00:53:32.562 DEBUG 8060 --- [    Test worker] tractDirtiesContextTestExecutionListener : After test method: context [DefaultTestContext@1c3f85b6 testClass = SocketDemoApplicationTests, testInstance = za.co.expertism.SocketDemoApplicationTests@39687171, testMethod = contextLoads@SocketDemoApplicationTests, testException = [null], mergedContextConfiguration = [WebMergedContextConfiguration@6b1ac8ab testClass = SocketDemoApplicationTests, locations = '{}', classes = '{class za.co.expertism.SocketDemoApplication}', contextInitializerClasses = '[]', activeProfiles = '{}', propertySourceLocations = '{}', propertySourceProperties = '{server.port=0, management.port=0, org.springframework.boot.test.IntegrationTest=true}', resourceBasePath = '', contextLoader = 'org.springframework.boot.test.SpringApplicationContextLoader', parent = [null]]], class annotated with @DirtiesContext [false] with mode [null], method annotated with @DirtiesContext [false] with mode [null].
2016-03-24 00:53:32.562 TRACE 8060 --- [    Test worker] o.s.test.context.TestContextManager      : afterTestClass(): class [za.co.expertism.SocketDemoApplicationTests]
2016-03-24 00:53:32.562 DEBUG 8060 --- [    Test worker] tractDirtiesContextTestExecutionListener : After test class: context [DefaultTestContext@1c3f85b6 testClass = SocketDemoApplicationTests, testInstance = [null], testMethod = [null], testException = [null], mergedContextConfiguration = [WebMergedContextConfiguration@6b1ac8ab testClass = SocketDemoApplicationTests, locations = '{}', classes = '{class za.co.expertism.SocketDemoApplication}', contextInitializerClasses = '[]', activeProfiles = '{}', propertySourceLocations = '{}', propertySourceProperties = '{server.port=0, management.port=0, org.springframework.boot.test.IntegrationTest=true}', resourceBasePath = '', contextLoader = 'org.springframework.boot.test.SpringApplicationContextLoader', parent = [null]]], class annotated with @DirtiesContext [false] with mode [null].
]]></system-out>
  <system-err><![CDATA[]]></system-err>
</testsuite>
